2012-10-10 23:04:18,618 ["http-bio-8080"-exec-4] ERROR StackTrace  - Full Stack Trace:
java.io.IOException: couldn't connect to [/127.0.0.1:27017] bc:java.net.ConnectException: Connection refused
	at com.mongodb.DBPort._open(DBPort.java:228)
	at com.mongodb.DBPort.go(DBPort.java:112)
	at com.mongodb.DBPort.go(DBPort.java:93)
	at com.mongodb.DBPort.findOne(DBPort.java:146)
	at com.mongodb.DBPort.runCommand(DBPort.java:157)
	at com.mongodb.DBTCPConnector.fetchMaxBsonObjectSize(DBTCPConnector.java:457)
	at com.mongodb.DBTCPConnector.checkMaster(DBTCPConnector.java:444)
	at com.mongodb.DBTCPConnector.call(DBTCPConnector.java:209)
	at com.mongodb.DBApiLayer$MyCollection.__find(DBApiLayer.java:305)
	at com.mongodb.DB.command(DB.java:160)
	at com.mongodb.DB.command(DB.java:183)
	at com.mongodb.DBCollection.getCount(DBCollection.java:852)
	at com.mongodb.DBCursor.size(DBCursor.java:646)
	at org.grails.datastore.mapping.mongo.query.MongoQuery$36.doInDB(MongoQuery.java:517)
	at org.grails.datastore.mapping.mongo.query.MongoQuery$36.doInDB(MongoQuery.java:479)
	at org.springframework.data.mongodb.core.MongoTemplate.execute(MongoTemplate.java:352)
	at org.grails.datastore.mapping.mongo.query.MongoQuery.executeQuery(MongoQuery.java:479)
	at org.grails.datastore.mapping.query.Query.list(Query.java:486)
	at org.grails.datastore.mapping.query.Query.singleResult(Query.java:517)
	at org.grails.datastore.mapping.query.Query$singleResult.call(Unknown Source)
	at org.codehaus.groovy.runtime.callsite.CallSiteArray.defaultCall(CallSiteArray.java:42)
	at org.codehaus.groovy.runtime.callsite.AbstractCallSite.call(AbstractCallSite.java:108)
	at org.codehaus.groovy.runtime.callsite.AbstractCallSite.call(AbstractCallSite.java:112)
	at org.grails.datastore.gorm.GormStaticApi$_count_closure11.doCall(GormStaticApi.groovy:311)
	at sun.reflect.NativeMethodAccessorImpl.invoke0(Native Method)
	at sun.reflect.NativeMethodAccessorImpl.invoke(NativeMethodAccessorImpl.java:39)
	at sun.reflect.DelegatingMethodAccessorImpl.invoke(DelegatingMethodAccessorImpl.java:25)
	at java.lang.reflect.Method.invoke(Method.java:597)
	at com.springsource.loaded.ri.ReflectiveInterceptor.jlrMethodInvoke(ReflectiveInterceptor.java:1231)
	at org.codehaus.groovy.reflection.CachedMethod.invoke(CachedMethod.java:90)
	at groovy.lang.MetaMethod.doMethodInvoke(MetaMethod.java:233)
	at groovy.lang.MetaClassImpl.invokeMethod(MetaClassImpl.java:1054)
	at groovy.lang.ExpandoMetaClass.invokeMethod(ExpandoMetaClass.java:1110)
	at groovy.lang.MetaClassImpl.invokeMethod(MetaClassImpl.java:884)
	at groovy.lang.Closure.call(Closure.java:410)
	at org.codehaus.groovy.runtime.ConvertedClosure.invokeCustom(ConvertedClosure.java:51)
	at org.codehaus.groovy.runtime.ConversionHandler.invoke(ConversionHandler.java:82)
	at $Proxy19.doInSession(Unknown Source)
	at org.grails.datastore.mapping.core.DatastoreUtils.execute(DatastoreUtils.java:301)
	at org.grails.datastore.mapping.core.DatastoreUtils$execute.call(Unknown Source)
	at org.grails.datastore.gorm.AbstractDatastoreApi.execute(AbstractDatastoreApi.groovy:34)
	at sun.reflect.NativeMethodAccessorImpl.invoke0(Native Method)
	at sun.reflect.NativeMethodAccessorImpl.invoke(NativeMethodAccessorImpl.java:39)
	at sun.reflect.DelegatingMethodAccessorImpl.invoke(DelegatingMethodAccessorImpl.java:25)
	at java.lang.reflect.Method.invoke(Method.java:597)
	at com.springsource.loaded.ri.ReflectiveInterceptor.jlrMethodInvoke(ReflectiveInterceptor.java:1231)
	at org.codehaus.groovy.runtime.callsite.PogoMetaMethodSite$PogoCachedMethodSite.invoke(PogoMetaMethodSite.java:226)
	at org.codehaus.groovy.runtime.callsite.PogoMetaMethodSite.callCurrent(PogoMetaMethodSite.java:52)
	at org.codehaus.groovy.runtime.callsite.CallSiteArray.defaultCallCurrent(CallSiteArray.java:46)
	at org.codehaus.groovy.runtime.callsite.AbstractCallSite.callCurrent(AbstractCallSite.java:133)
	at org.codehaus.groovy.runtime.callsite.AbstractCallSite.callCurrent(AbstractCallSite.java:141)
	at org.grails.datastore.gorm.GormStaticApi.count(GormStaticApi.groovy:307)
	at sun.reflect.NativeMethodAccessorImpl.invoke0(Native Method)
	at sun.reflect.NativeMethodAccessorImpl.invoke(NativeMethodAccessorImpl.java:39)
	at sun.reflect.DelegatingMethodAccessorImpl.invoke(DelegatingMethodAccessorImpl.java:25)
	at java.lang.reflect.Method.invoke(Method.java:597)
	at com.springsource.loaded.ri.ReflectiveInterceptor.jlrMethodInvoke(ReflectiveInterceptor.java:1231)
	at org.codehaus.groovy.reflection.CachedMethod.invoke(CachedMethod.java:90)
	at groovy.lang.MetaMethod.doMethodInvoke(MetaMethod.java:233)
	at groovy.lang.MetaClassImpl.invokeMethod(MetaClassImpl.java:1054)
	at groovy.lang.ExpandoMetaClass.invokeMethod(ExpandoMetaClass.java:1110)
	at groovy.lang.MetaClassImpl.invokeMethod(MetaClassImpl.java:884)
	at org.codehaus.groovy.runtime.InvokerHelper.invokePogoMethod(InvokerHelper.java:793)
	at org.codehaus.groovy.runtime.InvokerHelper.invokeMethod(InvokerHelper.java:776)
	at org.codehaus.groovy.runtime.ScriptBytecodeAdapter.invokeMethodN(ScriptBytecodeAdapter.java:164)
	at org.grails.datastore.gorm.StaticMethodInvokingClosure.call(GormEnhancer.groovy:284)
	at org.codehaus.groovy.runtime.metaclass.ClosureStaticMetaMethod.invoke(ClosureStaticMetaMethod.java:59)
	at org.codehaus.groovy.runtime.callsite.StaticMetaMethodSite$StaticMetaMethodSiteNoUnwrapNoCoerce.invoke(StaticMetaMethodSite.java:148)
	at org.codehaus.groovy.runtime.callsite.StaticMetaMethodSite.call(StaticMetaMethodSite.java:88)
	at org.codehaus.groovy.runtime.callsite.CallSiteArray.defaultCall(CallSiteArray.java:42)
	at org.codehaus.groovy.runtime.callsite.AbstractCallSite.call(AbstractCallSite.java:108)
	at org.codehaus.groovy.runtime.callsite.AbstractCallSite.call(AbstractCallSite.java:112)
	at com.company.cms.BlogEntryController.list(script1349924648723226339456.groovy:15)
	at sun.reflect.NativeMethodAccessorImpl.invoke0(Native Method)
	at sun.reflect.NativeMethodAccessorImpl.invoke(NativeMethodAccessorImpl.java:39)
	at sun.reflect.DelegatingMethodAccessorImpl.invoke(DelegatingMethodAccessorImpl.java:25)
	at java.lang.reflect.Method.invoke(Method.java:597)
	at com.springsource.loaded.ri.ReflectiveInterceptor.jlrMethodInvoke(ReflectiveInterceptor.java:1231)
	at org.codehaus.groovy.reflection.CachedMethod.invoke(CachedMethod.java:90)
	at groovy.lang.MetaMethod.doMethodInvoke(MetaMethod.java:233)
	at groovy.lang.MetaClassImpl.invokeMethod(MetaClassImpl.java:1054)
	at groovy.lang.ExpandoMetaClass.invokeMethod(ExpandoMetaClass.java:1110)
	at groovy.lang.MetaClassImpl.invokeMethod(MetaClassImpl.java:921)
	at groovy.lang.MetaClassImpl.invokeMethod(MetaClassImpl.java:884)
	at groovy.lang.Closure.call(Closure.java:410)
	at groovy.lang.Closure.call(Closure.java:404)
	at org.codehaus.groovy.grails.web.servlet.mvc.MixedGrailsControllerHelper.invoke(MixedGrailsControllerHelper.java:69)
	at org.codehaus.groovy.grails.web.servlet.mvc.AbstractGrailsControllerHelper.handleAction(AbstractGrailsControllerHelper.java:330)
	at org.codehaus.groovy.grails.web.servlet.mvc.AbstractGrailsControllerHelper.executeAction(AbstractGrailsControllerHelper.java:211)
	at org.codehaus.groovy.grails.web.servlet.mvc.AbstractGrailsControllerHelper.handleURI(AbstractGrailsControllerHelper.java:177)
	at org.codehaus.groovy.grails.web.servlet.mvc.AbstractGrailsControllerHelper.handleURI(AbstractGrailsControllerHelper.java:116)
	at org.codehaus.groovy.grails.web.servlet.mvc.SimpleGrailsController.handleRequest(SimpleGrailsController.java:72)
	at org.springframework.web.servlet.mvc.SimpleControllerHandlerAdapter.handle(SimpleControllerHandlerAdapter.java:48)
	at org.codehaus.groovy.grails.web.servlet.GrailsDispatcherServlet.doDispatch(GrailsDispatcherServlet.java:325)
	at org.springframework.web.servlet.DispatcherServlet.doService(DispatcherServlet.java:827)
	at org.springframework.web.servlet.FrameworkServlet.processRequest(FrameworkServlet.java:882)
	at org.springframework.web.servlet.FrameworkServlet.doGet(FrameworkServlet.java:778)
	at javax.servlet.http.HttpServlet.service(HttpServlet.java:621)
	at javax.servlet.http.HttpServlet.service(HttpServlet.java:722)
	at org.apache.catalina.core.ApplicationFilterChain.internalDoFilter(ApplicationFilterChain.java:304)
	at org.apache.catalina.core.ApplicationFilterChain.doFilter(ApplicationFilterChain.java:210)
	at org.springframework.web.filter.OncePerRequestFilter.doFilter(OncePerRequestFilter.java:70)
	at org.apache.catalina.core.ApplicationFilterChain.internalDoFilter(ApplicationFilterChain.java:243)
	at org.apache.catalina.core.ApplicationFilterChain.doFilter(ApplicationFilterChain.java:210)
	at org.springframework.web.filter.OncePerRequestFilter.doFilter(OncePerRequestFilter.java:70)
	at org.apache.catalina.core.ApplicationFilterChain.internalDoFilter(ApplicationFilterChain.java:243)
	at org.apache.catalina.core.ApplicationFilterChain.doFilter(ApplicationFilterChain.java:210)
	at org.springframework.web.filter.OncePerRequestFilter.doFilter(OncePerRequestFilter.java:70)
	at org.apache.catalina.core.ApplicationFilterChain.internalDoFilter(ApplicationFilterChain.java:243)
	at org.apache.catalina.core.ApplicationFilterChain.doFilter(ApplicationFilterChain.java:210)
	at org.apache.catalina.core.ApplicationDispatcher.invoke(ApplicationDispatcher.java:684)
	at org.apache.catalina.core.ApplicationDispatcher.processRequest(ApplicationDispatcher.java:471)
	at org.apache.catalina.core.ApplicationDispatcher.doForward(ApplicationDispatcher.java:402)
	at org.apache.catalina.core.ApplicationDispatcher.forward(ApplicationDispatcher.java:329)
	at org.codehaus.groovy.grails.web.util.WebUtils.forwardRequestForUrlMappingInfo(WebUtils.java:311)
	at org.codehaus.groovy.grails.web.util.WebUtils.forwardRequestForUrlMappingInfo(WebUtils.java:276)
	at org.codehaus.groovy.grails.web.util.WebUtils.forwardRequestForUrlMappingInfo(WebUtils.java:267)
	at org.codehaus.groovy.grails.web.mapping.filter.UrlMappingsFilter.doFilterInternal(UrlMappingsFilter.java:209)
	at org.springframework.web.filter.OncePerRequestFilter.doFilter(OncePerRequestFilter.java:76)
	at org.apache.catalina.core.ApplicationFilterChain.internalDoFilter(ApplicationFilterChain.java:243)
	at org.apache.catalina.core.ApplicationFilterChain.doFilter(ApplicationFilterChain.java:210)
	at org.codehaus.groovy.grails.web.sitemesh.GrailsPageFilter.obtainContent(GrailsPageFilter.java:200)
	at org.codehaus.groovy.grails.web.sitemesh.GrailsPageFilter.doFilter(GrailsPageFilter.java:151)
	at org.apache.catalina.core.ApplicationFilterChain.internalDoFilter(ApplicationFilterChain.java:243)
	at org.apache.catalina.core.ApplicationFilterChain.doFilter(ApplicationFilterChain.java:210)
	at javax.servlet.FilterChain$doFilter.call(Unknown Source)
	at org.grails.plugin.resource.DevModeSanityFilter.doFilter(DevModeSanityFilter.groovy:44)
	at org.apache.catalina.core.ApplicationFilterChain.internalDoFilter(ApplicationFilterChain.java:243)
	at org.apache.catalina.core.ApplicationFilterChain.doFilter(ApplicationFilterChain.java:210)
	at org.codehaus.groovy.grails.web.servlet.mvc.GrailsWebRequestFilter.doFilterInternal(GrailsWebRequestFilter.java:69)
	at org.springframework.web.filter.OncePerRequestFilter.doFilter(OncePerRequestFilter.java:76)
	at org.apache.catalina.core.ApplicationFilterChain.internalDoFilter(ApplicationFilterChain.java:243)
	at org.apache.catalina.core.ApplicationFilterChain.doFilter(ApplicationFilterChain.java:210)
	at org.codehaus.groovy.grails.web.filters.HiddenHttpMethodFilter.doFilterInternal(HiddenHttpMethodFilter.java:69)
	at org.springframework.web.filter.OncePerRequestFilter.doFilter(OncePerRequestFilter.java:76)
	at org.apache.catalina.core.ApplicationFilterChain.internalDoFilter(ApplicationFilterChain.java:243)
	at org.apache.catalina.core.ApplicationFilterChain.doFilter(ApplicationFilterChain.java:210)
	at org.springframework.web.filter.CharacterEncodingFilter.doFilterInternal(CharacterEncodingFilter.java:88)
	at org.springframework.web.filter.OncePerRequestFilter.doFilter(OncePerRequestFilter.java:76)
	at org.springframework.web.filter.DelegatingFilterProxy.invokeDelegate(DelegatingFilterProxy.java:346)
	at org.springframework.web.filter.DelegatingFilterProxy.doFilter(DelegatingFilterProxy.java:259)
	at org.apache.catalina.core.ApplicationFilterChain.internalDoFilter(ApplicationFilterChain.java:243)
	at org.apache.catalina.core.ApplicationFilterChain.doFilter(ApplicationFilterChain.java:210)
	at org.apache.catalina.core.StandardWrapperValve.invoke(StandardWrapperValve.java:240)
	at org.apache.catalina.core.StandardContextValve.invoke(StandardContextValve.java:164)
	at org.apache.catalina.authenticator.AuthenticatorBase.invoke(AuthenticatorBase.java:462)
	at org.apache.catalina.core.StandardHostValve.invoke(StandardHostValve.java:164)
	at org.apache.catalina.valves.ErrorReportValve.invoke(ErrorReportValve.java:100)
	at org.apache.catalina.core.StandardEngineValve.invoke(StandardEngineValve.java:118)
	at org.apache.catalina.connector.CoyoteAdapter.service(CoyoteAdapter.java:403)
	at org.apache.coyote.http11.Http11Processor.process(Http11Processor.java:301)
	at org.apache.coyote.http11.Http11Protocol$Http11ConnectionHandler.process(Http11Protocol.java:162)
	at org.apache.tomcat.util.net.JIoEndpoint$SocketProcessor.run(JIoEndpoint.java:309)
	at java.util.concurrent.ThreadPoolExecutor$Worker.runTask(ThreadPoolExecutor.java:886)
	at java.util.concurrent.ThreadPoolExecutor$Worker.run(ThreadPoolExecutor.java:908)
	at java.lang.Thread.run(Thread.java:680)
2012-10-10 23:04:18,641 ["http-bio-8080"-exec-4] ERROR StackTrace  - Full Stack Trace:
java.io.IOException: couldn't connect to [/127.0.0.1:27017] bc:java.net.ConnectException: Connection refused
	at com.mongodb.DBPort._open(DBPort.java:228)
	at com.mongodb.DBPort.go(DBPort.java:112)
	at com.mongodb.DBPort.go(DBPort.java:93)
	at com.mongodb.DBPort.findOne(DBPort.java:146)
	at com.mongodb.DBPort.runCommand(DBPort.java:157)
	at com.mongodb.DBTCPConnector.fetchMaxBsonObjectSize(DBTCPConnector.java:457)
	at com.mongodb.DBTCPConnector.checkMaster(DBTCPConnector.java:444)
	at com.mongodb.DBTCPConnector.call(DBTCPConnector.java:209)
	at com.mongodb.DBApiLayer$MyCollection.__find(DBApiLayer.java:305)
	at com.mongodb.DB.command(DB.java:160)
	at com.mongodb.DB.command(DB.java:183)
	at com.mongodb.DBCollection.getCount(DBCollection.java:852)
	at com.mongodb.DBCursor.size(DBCursor.java:646)
	at org.grails.datastore.mapping.mongo.query.MongoQuery$36.doInDB(MongoQuery.java:517)
	at org.grails.datastore.mapping.mongo.query.MongoQuery$36.doInDB(MongoQuery.java:479)
	at org.grails.datastore.mapping.mongo.query.MongoQuery.executeQuery(MongoQuery.java:479)
	at org.grails.datastore.mapping.query.Query.list(Query.java:486)
	at org.grails.datastore.mapping.query.Query.singleResult(Query.java:517)
	at org.grails.datastore.gorm.GormStaticApi$_count_closure11.doCall(GormStaticApi.groovy:311)
	at org.grails.datastore.mapping.core.DatastoreUtils.execute(DatastoreUtils.java:301)
	at org.grails.datastore.gorm.AbstractDatastoreApi.execute(AbstractDatastoreApi.groovy:34)
	at org.grails.datastore.gorm.GormStaticApi.count(GormStaticApi.groovy:307)
	at org.grails.datastore.gorm.StaticMethodInvokingClosure.call(GormEnhancer.groovy:284)
	at com.company.cms.BlogEntryController.list(script1349924648723226339456.groovy:15)
	at java.util.concurrent.ThreadPoolExecutor$Worker.runTask(ThreadPoolExecutor.java:886)
	at java.util.concurrent.ThreadPoolExecutor$Worker.run(ThreadPoolExecutor.java:908)
	at java.lang.Thread.run(Thread.java:680)
2012-10-10 23:04:18,645 ["http-bio-8080"-exec-4] ERROR StackTrace  - Full Stack Trace:
java.io.IOException: couldn't connect to [/127.0.0.1:27017] bc:java.net.ConnectException: Connection refused
	at com.mongodb.DBPort._open(DBPort.java:228)
	at com.mongodb.DBPort.go(DBPort.java:112)
	at com.mongodb.DBPort.call(DBPort.java:79)
	at com.mongodb.DBTCPConnector.call(DBTCPConnector.java:218)
	at com.mongodb.DBApiLayer$MyCollection.__find(DBApiLayer.java:305)
	at com.mongodb.DB.command(DB.java:160)
	at com.mongodb.DB.command(DB.java:183)
	at com.mongodb.DBCollection.getCount(DBCollection.java:852)
	at com.mongodb.DBCursor.size(DBCursor.java:646)
	at org.grails.datastore.mapping.mongo.query.MongoQuery$36.doInDB(MongoQuery.java:517)
	at org.grails.datastore.mapping.mongo.query.MongoQuery$36.doInDB(MongoQuery.java:479)
	at org.springframework.data.mongodb.core.MongoTemplate.execute(MongoTemplate.java:352)
	at org.grails.datastore.mapping.mongo.query.MongoQuery.executeQuery(MongoQuery.java:479)
	at org.grails.datastore.mapping.query.Query.list(Query.java:486)
	at org.grails.datastore.mapping.query.Query.singleResult(Query.java:517)
	at org.grails.datastore.mapping.query.Query$singleResult.call(Unknown Source)
	at org.codehaus.groovy.runtime.callsite.CallSiteArray.defaultCall(CallSiteArray.java:42)
	at org.codehaus.groovy.runtime.callsite.AbstractCallSite.call(AbstractCallSite.java:108)
	at org.codehaus.groovy.runtime.callsite.AbstractCallSite.call(AbstractCallSite.java:112)
	at org.grails.datastore.gorm.GormStaticApi$_count_closure11.doCall(GormStaticApi.groovy:311)
	at sun.reflect.NativeMethodAccessorImpl.invoke0(Native Method)
	at sun.reflect.NativeMethodAccessorImpl.invoke(NativeMethodAccessorImpl.java:39)
	at sun.reflect.DelegatingMethodAccessorImpl.invoke(DelegatingMethodAccessorImpl.java:25)
	at java.lang.reflect.Method.invoke(Method.java:597)
	at com.springsource.loaded.ri.ReflectiveInterceptor.jlrMethodInvoke(ReflectiveInterceptor.java:1231)
	at org.codehaus.groovy.reflection.CachedMethod.invoke(CachedMethod.java:90)
	at groovy.lang.MetaMethod.doMethodInvoke(MetaMethod.java:233)
	at groovy.lang.MetaClassImpl.invokeMethod(MetaClassImpl.java:1054)
	at groovy.lang.ExpandoMetaClass.invokeMethod(ExpandoMetaClass.java:1110)
	at groovy.lang.MetaClassImpl.invokeMethod(MetaClassImpl.java:884)
	at groovy.lang.Closure.call(Closure.java:410)
	at org.codehaus.groovy.runtime.ConvertedClosure.invokeCustom(ConvertedClosure.java:51)
	at org.codehaus.groovy.runtime.ConversionHandler.invoke(ConversionHandler.java:82)
	at $Proxy19.doInSession(Unknown Source)
	at org.grails.datastore.mapping.core.DatastoreUtils.execute(DatastoreUtils.java:301)
	at org.grails.datastore.mapping.core.DatastoreUtils$execute.call(Unknown Source)
	at org.grails.datastore.gorm.AbstractDatastoreApi.execute(AbstractDatastoreApi.groovy:34)
	at sun.reflect.NativeMethodAccessorImpl.invoke0(Native Method)
	at sun.reflect.NativeMethodAccessorImpl.invoke(NativeMethodAccessorImpl.java:39)
	at sun.reflect.DelegatingMethodAccessorImpl.invoke(DelegatingMethodAccessorImpl.java:25)
	at java.lang.reflect.Method.invoke(Method.java:597)
	at com.springsource.loaded.ri.ReflectiveInterceptor.jlrMethodInvoke(ReflectiveInterceptor.java:1231)
	at org.codehaus.groovy.runtime.callsite.PogoMetaMethodSite$PogoCachedMethodSite.invoke(PogoMetaMethodSite.java:226)
	at org.codehaus.groovy.runtime.callsite.PogoMetaMethodSite.callCurrent(PogoMetaMethodSite.java:52)
	at org.codehaus.groovy.runtime.callsite.CallSiteArray.defaultCallCurrent(CallSiteArray.java:46)
	at org.codehaus.groovy.runtime.callsite.AbstractCallSite.callCurrent(AbstractCallSite.java:133)
	at org.codehaus.groovy.runtime.callsite.AbstractCallSite.callCurrent(AbstractCallSite.java:141)
	at org.grails.datastore.gorm.GormStaticApi.count(GormStaticApi.groovy:307)
	at sun.reflect.NativeMethodAccessorImpl.invoke0(Native Method)
	at sun.reflect.NativeMethodAccessorImpl.invoke(NativeMethodAccessorImpl.java:39)
	at sun.reflect.DelegatingMethodAccessorImpl.invoke(DelegatingMethodAccessorImpl.java:25)
	at java.lang.reflect.Method.invoke(Method.java:597)
	at com.springsource.loaded.ri.ReflectiveInterceptor.jlrMethodInvoke(ReflectiveInterceptor.java:1231)
	at org.codehaus.groovy.reflection.CachedMethod.invoke(CachedMethod.java:90)
	at groovy.lang.MetaMethod.doMethodInvoke(MetaMethod.java:233)
	at groovy.lang.MetaClassImpl.invokeMethod(MetaClassImpl.java:1054)
	at groovy.lang.ExpandoMetaClass.invokeMethod(ExpandoMetaClass.java:1110)
	at groovy.lang.MetaClassImpl.invokeMethod(MetaClassImpl.java:884)
	at org.codehaus.groovy.runtime.InvokerHelper.invokePogoMethod(InvokerHelper.java:793)
	at org.codehaus.groovy.runtime.InvokerHelper.invokeMethod(InvokerHelper.java:776)
	at org.codehaus.groovy.runtime.ScriptBytecodeAdapter.invokeMethodN(ScriptBytecodeAdapter.java:164)
	at org.grails.datastore.gorm.StaticMethodInvokingClosure.call(GormEnhancer.groovy:284)
	at org.codehaus.groovy.runtime.metaclass.ClosureStaticMetaMethod.invoke(ClosureStaticMetaMethod.java:59)
	at org.codehaus.groovy.runtime.callsite.StaticMetaMethodSite$StaticMetaMethodSiteNoUnwrapNoCoerce.invoke(StaticMetaMethodSite.java:148)
	at org.codehaus.groovy.runtime.callsite.StaticMetaMethodSite.call(StaticMetaMethodSite.java:88)
	at org.codehaus.groovy.runtime.callsite.CallSiteArray.defaultCall(CallSiteArray.java:42)
	at org.codehaus.groovy.runtime.callsite.AbstractCallSite.call(AbstractCallSite.java:108)
	at org.codehaus.groovy.runtime.callsite.AbstractCallSite.call(AbstractCallSite.java:112)
	at com.company.cms.BlogEntryController.list(script1349924648723226339456.groovy:15)
	at sun.reflect.NativeMethodAccessorImpl.invoke0(Native Method)
	at sun.reflect.NativeMethodAccessorImpl.invoke(NativeMethodAccessorImpl.java:39)
	at sun.reflect.DelegatingMethodAccessorImpl.invoke(DelegatingMethodAccessorImpl.java:25)
	at java.lang.reflect.Method.invoke(Method.java:597)
	at com.springsource.loaded.ri.ReflectiveInterceptor.jlrMethodInvoke(ReflectiveInterceptor.java:1231)
	at org.codehaus.groovy.reflection.CachedMethod.invoke(CachedMethod.java:90)
	at groovy.lang.MetaMethod.doMethodInvoke(MetaMethod.java:233)
	at groovy.lang.MetaClassImpl.invokeMethod(MetaClassImpl.java:1054)
	at groovy.lang.ExpandoMetaClass.invokeMethod(ExpandoMetaClass.java:1110)
	at groovy.lang.MetaClassImpl.invokeMethod(MetaClassImpl.java:921)
	at groovy.lang.MetaClassImpl.invokeMethod(MetaClassImpl.java:884)
	at groovy.lang.Closure.call(Closure.java:410)
	at groovy.lang.Closure.call(Closure.java:404)
	at org.codehaus.groovy.grails.web.servlet.mvc.MixedGrailsControllerHelper.invoke(MixedGrailsControllerHelper.java:69)
	at org.codehaus.groovy.grails.web.servlet.mvc.AbstractGrailsControllerHelper.handleAction(AbstractGrailsControllerHelper.java:330)
	at org.codehaus.groovy.grails.web.servlet.mvc.AbstractGrailsControllerHelper.executeAction(AbstractGrailsControllerHelper.java:211)
	at org.codehaus.groovy.grails.web.servlet.mvc.AbstractGrailsControllerHelper.handleURI(AbstractGrailsControllerHelper.java:177)
	at org.codehaus.groovy.grails.web.servlet.mvc.AbstractGrailsControllerHelper.handleURI(AbstractGrailsControllerHelper.java:116)
	at org.codehaus.groovy.grails.web.servlet.mvc.SimpleGrailsController.handleRequest(SimpleGrailsController.java:72)
	at org.springframework.web.servlet.mvc.SimpleControllerHandlerAdapter.handle(SimpleControllerHandlerAdapter.java:48)
	at org.codehaus.groovy.grails.web.servlet.GrailsDispatcherServlet.doDispatch(GrailsDispatcherServlet.java:325)
	at org.springframework.web.servlet.DispatcherServlet.doService(DispatcherServlet.java:827)
	at org.springframework.web.servlet.FrameworkServlet.processRequest(FrameworkServlet.java:882)
	at org.springframework.web.servlet.FrameworkServlet.doGet(FrameworkServlet.java:778)
	at javax.servlet.http.HttpServlet.service(HttpServlet.java:621)
	at javax.servlet.http.HttpServlet.service(HttpServlet.java:722)
	at org.apache.catalina.core.ApplicationFilterChain.internalDoFilter(ApplicationFilterChain.java:304)
	at org.apache.catalina.core.ApplicationFilterChain.doFilter(ApplicationFilterChain.java:210)
	at org.springframework.web.filter.OncePerRequestFilter.doFilter(OncePerRequestFilter.java:70)
	at org.apache.catalina.core.ApplicationFilterChain.internalDoFilter(ApplicationFilterChain.java:243)
	at org.apache.catalina.core.ApplicationFilterChain.doFilter(ApplicationFilterChain.java:210)
	at org.springframework.web.filter.OncePerRequestFilter.doFilter(OncePerRequestFilter.java:70)
	at org.apache.catalina.core.ApplicationFilterChain.internalDoFilter(ApplicationFilterChain.java:243)
	at org.apache.catalina.core.ApplicationFilterChain.doFilter(ApplicationFilterChain.java:210)
	at org.springframework.web.filter.OncePerRequestFilter.doFilter(OncePerRequestFilter.java:70)
	at org.apache.catalina.core.ApplicationFilterChain.internalDoFilter(ApplicationFilterChain.java:243)
	at org.apache.catalina.core.ApplicationFilterChain.doFilter(ApplicationFilterChain.java:210)
	at org.apache.catalina.core.ApplicationDispatcher.invoke(ApplicationDispatcher.java:684)
	at org.apache.catalina.core.ApplicationDispatcher.processRequest(ApplicationDispatcher.java:471)
	at org.apache.catalina.core.ApplicationDispatcher.doForward(ApplicationDispatcher.java:402)
	at org.apache.catalina.core.ApplicationDispatcher.forward(ApplicationDispatcher.java:329)
	at org.codehaus.groovy.grails.web.util.WebUtils.forwardRequestForUrlMappingInfo(WebUtils.java:311)
	at org.codehaus.groovy.grails.web.util.WebUtils.forwardRequestForUrlMappingInfo(WebUtils.java:276)
	at org.codehaus.groovy.grails.web.util.WebUtils.forwardRequestForUrlMappingInfo(WebUtils.java:267)
	at org.codehaus.groovy.grails.web.mapping.filter.UrlMappingsFilter.doFilterInternal(UrlMappingsFilter.java:209)
	at org.springframework.web.filter.OncePerRequestFilter.doFilter(OncePerRequestFilter.java:76)
	at org.apache.catalina.core.ApplicationFilterChain.internalDoFilter(ApplicationFilterChain.java:243)
	at org.apache.catalina.core.ApplicationFilterChain.doFilter(ApplicationFilterChain.java:210)
	at org.codehaus.groovy.grails.web.sitemesh.GrailsPageFilter.obtainContent(GrailsPageFilter.java:200)
	at org.codehaus.groovy.grails.web.sitemesh.GrailsPageFilter.doFilter(GrailsPageFilter.java:151)
	at org.apache.catalina.core.ApplicationFilterChain.internalDoFilter(ApplicationFilterChain.java:243)
	at org.apache.catalina.core.ApplicationFilterChain.doFilter(ApplicationFilterChain.java:210)
	at javax.servlet.FilterChain$doFilter.call(Unknown Source)
	at org.grails.plugin.resource.DevModeSanityFilter.doFilter(DevModeSanityFilter.groovy:44)
	at org.apache.catalina.core.ApplicationFilterChain.internalDoFilter(ApplicationFilterChain.java:243)
	at org.apache.catalina.core.ApplicationFilterChain.doFilter(ApplicationFilterChain.java:210)
	at org.codehaus.groovy.grails.web.servlet.mvc.GrailsWebRequestFilter.doFilterInternal(GrailsWebRequestFilter.java:69)
	at org.springframework.web.filter.OncePerRequestFilter.doFilter(OncePerRequestFilter.java:76)
	at org.apache.catalina.core.ApplicationFilterChain.internalDoFilter(ApplicationFilterChain.java:243)
	at org.apache.catalina.core.ApplicationFilterChain.doFilter(ApplicationFilterChain.java:210)
	at org.codehaus.groovy.grails.web.filters.HiddenHttpMethodFilter.doFilterInternal(HiddenHttpMethodFilter.java:69)
	at org.springframework.web.filter.OncePerRequestFilter.doFilter(OncePerRequestFilter.java:76)
	at org.apache.catalina.core.ApplicationFilterChain.internalDoFilter(ApplicationFilterChain.java:243)
	at org.apache.catalina.core.ApplicationFilterChain.doFilter(ApplicationFilterChain.java:210)
	at org.springframework.web.filter.CharacterEncodingFilter.doFilterInternal(CharacterEncodingFilter.java:88)
	at org.springframework.web.filter.OncePerRequestFilter.doFilter(OncePerRequestFilter.java:76)
	at org.springframework.web.filter.DelegatingFilterProxy.invokeDelegate(DelegatingFilterProxy.java:346)
	at org.springframework.web.filter.DelegatingFilterProxy.doFilter(DelegatingFilterProxy.java:259)
	at org.apache.catalina.core.ApplicationFilterChain.internalDoFilter(ApplicationFilterChain.java:243)
	at org.apache.catalina.core.ApplicationFilterChain.doFilter(ApplicationFilterChain.java:210)
	at org.apache.catalina.core.StandardWrapperValve.invoke(StandardWrapperValve.java:240)
	at org.apache.catalina.core.StandardContextValve.invoke(StandardContextValve.java:164)
	at org.apache.catalina.authenticator.AuthenticatorBase.invoke(AuthenticatorBase.java:462)
	at org.apache.catalina.core.StandardHostValve.invoke(StandardHostValve.java:164)
	at org.apache.catalina.valves.ErrorReportValve.invoke(ErrorReportValve.java:100)
	at org.apache.catalina.core.StandardEngineValve.invoke(StandardEngineValve.java:118)
	at org.apache.catalina.connector.CoyoteAdapter.service(CoyoteAdapter.java:403)
	at org.apache.coyote.http11.Http11Processor.process(Http11Processor.java:301)
	at org.apache.coyote.http11.Http11Protocol$Http11ConnectionHandler.process(Http11Protocol.java:162)
	at org.apache.tomcat.util.net.JIoEndpoint$SocketProcessor.run(JIoEndpoint.java:309)
	at java.util.concurrent.ThreadPoolExecutor$Worker.runTask(ThreadPoolExecutor.java:886)
	at java.util.concurrent.ThreadPoolExecutor$Worker.run(ThreadPoolExecutor.java:908)
	at java.lang.Thread.run(Thread.java:680)
2012-10-10 23:04:18,646 ["http-bio-8080"-exec-4] ERROR StackTrace  - Full Stack Trace:
java.io.IOException: couldn't connect to [/127.0.0.1:27017] bc:java.net.ConnectException: Connection refused
	at com.mongodb.DBPort._open(DBPort.java:228)
	at com.mongodb.DBPort.go(DBPort.java:112)
	at com.mongodb.DBPort.call(DBPort.java:79)
	at com.mongodb.DBTCPConnector.call(DBTCPConnector.java:218)
	at com.mongodb.DBApiLayer$MyCollection.__find(DBApiLayer.java:305)
	at com.mongodb.DB.command(DB.java:160)
	at com.mongodb.DB.command(DB.java:183)
	at com.mongodb.DBCollection.getCount(DBCollection.java:852)
	at com.mongodb.DBCursor.size(DBCursor.java:646)
	at org.grails.datastore.mapping.mongo.query.MongoQuery$36.doInDB(MongoQuery.java:517)
	at org.grails.datastore.mapping.mongo.query.MongoQuery$36.doInDB(MongoQuery.java:479)
	at org.grails.datastore.mapping.mongo.query.MongoQuery.executeQuery(MongoQuery.java:479)
	at org.grails.datastore.mapping.query.Query.list(Query.java:486)
	at org.grails.datastore.mapping.query.Query.singleResult(Query.java:517)
	at org.grails.datastore.gorm.GormStaticApi$_count_closure11.doCall(GormStaticApi.groovy:311)
	at org.grails.datastore.mapping.core.DatastoreUtils.execute(DatastoreUtils.java:301)
	at org.grails.datastore.gorm.AbstractDatastoreApi.execute(AbstractDatastoreApi.groovy:34)
	at org.grails.datastore.gorm.GormStaticApi.count(GormStaticApi.groovy:307)
	at org.grails.datastore.gorm.StaticMethodInvokingClosure.call(GormEnhancer.groovy:284)
	at com.company.cms.BlogEntryController.list(script1349924648723226339456.groovy:15)
	at java.util.concurrent.ThreadPoolExecutor$Worker.runTask(ThreadPoolExecutor.java:886)
	at java.util.concurrent.ThreadPoolExecutor$Worker.run(ThreadPoolExecutor.java:908)
	at java.lang.Thread.run(Thread.java:680)
2012-10-10 23:04:18,650 ["http-bio-8080"-exec-4] ERROR StackTrace  - Full Stack Trace:
java.io.IOException: couldn't connect to [/127.0.0.1:27017] bc:java.net.ConnectException: Connection refused
	at com.mongodb.DBPort._open(DBPort.java:228)
	at com.mongodb.DBPort.go(DBPort.java:112)
	at com.mongodb.DBPort.call(DBPort.java:79)
	at com.mongodb.DBTCPConnector.call(DBTCPConnector.java:218)
	at com.mongodb.DBApiLayer$MyCollection.__find(DBApiLayer.java:305)
	at com.mongodb.DB.command(DB.java:160)
	at com.mongodb.DB.command(DB.java:183)
	at com.mongodb.DBCollection.getCount(DBCollection.java:852)
	at com.mongodb.DBCursor.size(DBCursor.java:646)
	at org.grails.datastore.mapping.mongo.query.MongoQuery$36.doInDB(MongoQuery.java:517)
	at org.grails.datastore.mapping.mongo.query.MongoQuery$36.doInDB(MongoQuery.java:479)
	at org.grails.datastore.mapping.mongo.query.MongoQuery.executeQuery(MongoQuery.java:479)
	at org.grails.datastore.mapping.query.Query.list(Query.java:486)
	at org.grails.datastore.mapping.query.Query.singleResult(Query.java:517)
	at org.grails.datastore.gorm.GormStaticApi$_count_closure11.doCall(GormStaticApi.groovy:311)
	at org.grails.datastore.mapping.core.DatastoreUtils.execute(DatastoreUtils.java:301)
	at org.grails.datastore.gorm.AbstractDatastoreApi.execute(AbstractDatastoreApi.groovy:34)
	at org.grails.datastore.gorm.GormStaticApi.count(GormStaticApi.groovy:307)
	at org.grails.datastore.gorm.StaticMethodInvokingClosure.call(GormEnhancer.groovy:284)
	at com.company.cms.BlogEntryController.list(script1349924648723226339456.groovy:15)
	at java.util.concurrent.ThreadPoolExecutor$Worker.runTask(ThreadPoolExecutor.java:886)
	at java.util.concurrent.ThreadPoolExecutor$Worker.run(ThreadPoolExecutor.java:908)
	at java.lang.Thread.run(Thread.java:680)
2012-10-10 23:04:18,651 ["http-bio-8080"-exec-4] ERROR StackTrace  - Full Stack Trace:
java.io.IOException: couldn't connect to [/127.0.0.1:27017] bc:java.net.ConnectException: Connection refused
	at com.mongodb.DBPort._open(DBPort.java:228)
	at com.mongodb.DBPort.go(DBPort.java:112)
	at com.mongodb.DBPort.call(DBPort.java:79)
	at com.mongodb.DBTCPConnector.call(DBTCPConnector.java:218)
	at com.mongodb.DBApiLayer$MyCollection.__find(DBApiLayer.java:305)
	at com.mongodb.DB.command(DB.java:160)
	at com.mongodb.DB.command(DB.java:183)
	at com.mongodb.DBCollection.getCount(DBCollection.java:852)
	at com.mongodb.DBCursor.size(DBCursor.java:646)
	at org.grails.datastore.mapping.mongo.query.MongoQuery$36.doInDB(MongoQuery.java:517)
	at org.grails.datastore.mapping.mongo.query.MongoQuery$36.doInDB(MongoQuery.java:479)
	at org.grails.datastore.mapping.mongo.query.MongoQuery.executeQuery(MongoQuery.java:479)
	at org.grails.datastore.mapping.query.Query.list(Query.java:486)
	at org.grails.datastore.mapping.query.Query.singleResult(Query.java:517)
	at org.grails.datastore.gorm.GormStaticApi$_count_closure11.doCall(GormStaticApi.groovy:311)
	at org.grails.datastore.mapping.core.DatastoreUtils.execute(DatastoreUtils.java:301)
	at org.grails.datastore.gorm.AbstractDatastoreApi.execute(AbstractDatastoreApi.groovy:34)
	at org.grails.datastore.gorm.GormStaticApi.count(GormStaticApi.groovy:307)
	at org.grails.datastore.gorm.StaticMethodInvokingClosure.call(GormEnhancer.groovy:284)
	at com.company.cms.BlogEntryController.list(script1349924648723226339456.groovy:15)
	at java.util.concurrent.ThreadPoolExecutor$Worker.runTask(ThreadPoolExecutor.java:886)
	at java.util.concurrent.ThreadPoolExecutor$Worker.run(ThreadPoolExecutor.java:908)
	at java.lang.Thread.run(Thread.java:680)
2012-10-10 23:04:18,681 ["http-bio-8080"-exec-4] ERROR StackTrace  - Full Stack Trace:
java.io.IOException: couldn't connect to [/127.0.0.1:27017] bc:java.net.ConnectException: Connection refused
	at com.mongodb.DBPort._open(DBPort.java:228)
	at com.mongodb.DBPort.go(DBPort.java:112)
	at com.mongodb.DBPort.call(DBPort.java:79)
	at com.mongodb.DBTCPConnector.call(DBTCPConnector.java:218)
	at com.mongodb.DBApiLayer$MyCollection.__find(DBApiLayer.java:305)
	at com.mongodb.DB.command(DB.java:160)
	at com.mongodb.DB.command(DB.java:183)
	at com.mongodb.DBCollection.getCount(DBCollection.java:852)
	at com.mongodb.DBCursor.size(DBCursor.java:646)
	at org.grails.datastore.mapping.mongo.query.MongoQuery$36.doInDB(MongoQuery.java:517)
	at org.grails.datastore.mapping.mongo.query.MongoQuery$36.doInDB(MongoQuery.java:479)
	at org.grails.datastore.mapping.mongo.query.MongoQuery.executeQuery(MongoQuery.java:479)
	at org.grails.datastore.mapping.query.Query.list(Query.java:486)
	at org.grails.datastore.mapping.query.Query.singleResult(Query.java:517)
	at org.grails.datastore.gorm.GormStaticApi$_count_closure11.doCall(GormStaticApi.groovy:311)
	at org.grails.datastore.mapping.core.DatastoreUtils.execute(DatastoreUtils.java:301)
	at org.grails.datastore.gorm.AbstractDatastoreApi.execute(AbstractDatastoreApi.groovy:34)
	at org.grails.datastore.gorm.GormStaticApi.count(GormStaticApi.groovy:307)
	at org.grails.datastore.gorm.StaticMethodInvokingClosure.call(GormEnhancer.groovy:284)
	at com.company.cms.BlogEntryController.list(script1349924648723226339456.groovy:15)
	at java.util.concurrent.ThreadPoolExecutor$Worker.runTask(ThreadPoolExecutor.java:886)
	at java.util.concurrent.ThreadPoolExecutor$Worker.run(ThreadPoolExecutor.java:908)
	at java.lang.Thread.run(Thread.java:680)
2012-10-10 23:04:18,681 ["http-bio-8080"-exec-4] ERROR StackTrace  - Full Stack Trace:
java.io.IOException: couldn't connect to [/127.0.0.1:27017] bc:java.net.ConnectException: Connection refused
	at com.mongodb.DBPort._open(DBPort.java:228)
	at com.mongodb.DBPort.go(DBPort.java:112)
	at com.mongodb.DBPort.call(DBPort.java:79)
	at com.mongodb.DBTCPConnector.call(DBTCPConnector.java:218)
	at com.mongodb.DBApiLayer$MyCollection.__find(DBApiLayer.java:305)
	at com.mongodb.DB.command(DB.java:160)
	at com.mongodb.DB.command(DB.java:183)
	at com.mongodb.DBCollection.getCount(DBCollection.java:852)
	at com.mongodb.DBCursor.size(DBCursor.java:646)
	at org.grails.datastore.mapping.mongo.query.MongoQuery$36.doInDB(MongoQuery.java:517)
	at org.grails.datastore.mapping.mongo.query.MongoQuery$36.doInDB(MongoQuery.java:479)
	at org.grails.datastore.mapping.mongo.query.MongoQuery.executeQuery(MongoQuery.java:479)
	at org.grails.datastore.mapping.query.Query.list(Query.java:486)
	at org.grails.datastore.mapping.query.Query.singleResult(Query.java:517)
	at org.grails.datastore.gorm.GormStaticApi$_count_closure11.doCall(GormStaticApi.groovy:311)
	at org.grails.datastore.mapping.core.DatastoreUtils.execute(DatastoreUtils.java:301)
	at org.grails.datastore.gorm.AbstractDatastoreApi.execute(AbstractDatastoreApi.groovy:34)
	at org.grails.datastore.gorm.GormStaticApi.count(GormStaticApi.groovy:307)
	at org.grails.datastore.gorm.StaticMethodInvokingClosure.call(GormEnhancer.groovy:284)
	at com.company.cms.BlogEntryController.list(script1349924648723226339456.groovy:15)
	at java.util.concurrent.ThreadPoolExecutor$Worker.runTask(ThreadPoolExecutor.java:886)
	at java.util.concurrent.ThreadPoolExecutor$Worker.run(ThreadPoolExecutor.java:908)
	at java.lang.Thread.run(Thread.java:680)
2012-10-10 23:04:18,682 ["http-bio-8080"-exec-4] ERROR StackTrace  - Full Stack Trace:
java.io.IOException: couldn't connect to [/127.0.0.1:27017] bc:java.net.ConnectException: Connection refused
	at com.mongodb.DBPort._open(DBPort.java:228)
	at com.mongodb.DBPort.go(DBPort.java:112)
	at com.mongodb.DBPort.call(DBPort.java:79)
	at com.mongodb.DBTCPConnector.call(DBTCPConnector.java:218)
	at com.mongodb.DBApiLayer$MyCollection.__find(DBApiLayer.java:305)
	at com.mongodb.DB.command(DB.java:160)
	at com.mongodb.DB.command(DB.java:183)
	at com.mongodb.DBCollection.getCount(DBCollection.java:852)
	at com.mongodb.DBCursor.size(DBCursor.java:646)
	at org.grails.datastore.mapping.mongo.query.MongoQuery$36.doInDB(MongoQuery.java:517)
	at org.grails.datastore.mapping.mongo.query.MongoQuery$36.doInDB(MongoQuery.java:479)
	at org.grails.datastore.mapping.mongo.query.MongoQuery.executeQuery(MongoQuery.java:479)
	at org.grails.datastore.mapping.query.Query.list(Query.java:486)
	at org.grails.datastore.mapping.query.Query.singleResult(Query.java:517)
	at org.grails.datastore.gorm.GormStaticApi$_count_closure11.doCall(GormStaticApi.groovy:311)
	at org.grails.datastore.mapping.core.DatastoreUtils.execute(DatastoreUtils.java:301)
	at org.grails.datastore.gorm.AbstractDatastoreApi.execute(AbstractDatastoreApi.groovy:34)
	at org.grails.datastore.gorm.GormStaticApi.count(GormStaticApi.groovy:307)
	at org.grails.datastore.gorm.StaticMethodInvokingClosure.call(GormEnhancer.groovy:284)
	at com.company.cms.BlogEntryController.list(script1349924648723226339456.groovy:15)
	at java.util.concurrent.ThreadPoolExecutor$Worker.runTask(ThreadPoolExecutor.java:886)
	at java.util.concurrent.ThreadPoolExecutor$Worker.run(ThreadPoolExecutor.java:908)
	at java.lang.Thread.run(Thread.java:680)
2012-10-10 23:04:18,682 ["http-bio-8080"-exec-4] ERROR StackTrace  - Full Stack Trace:
java.io.IOException: couldn't connect to [/127.0.0.1:27017] bc:java.net.ConnectException: Connection refused
	at com.mongodb.DBPort._open(DBPort.java:228)
	at com.mongodb.DBPort.go(DBPort.java:112)
	at com.mongodb.DBPort.call(DBPort.java:79)
	at com.mongodb.DBTCPConnector.call(DBTCPConnector.java:218)
	at com.mongodb.DBApiLayer$MyCollection.__find(DBApiLayer.java:305)
	at com.mongodb.DB.command(DB.java:160)
	at com.mongodb.DB.command(DB.java:183)
	at com.mongodb.DBCollection.getCount(DBCollection.java:852)
	at com.mongodb.DBCursor.size(DBCursor.java:646)
	at org.grails.datastore.mapping.mongo.query.MongoQuery$36.doInDB(MongoQuery.java:517)
	at org.grails.datastore.mapping.mongo.query.MongoQuery$36.doInDB(MongoQuery.java:479)
	at org.grails.datastore.mapping.mongo.query.MongoQuery.executeQuery(MongoQuery.java:479)
	at org.grails.datastore.mapping.query.Query.list(Query.java:486)
	at org.grails.datastore.mapping.query.Query.singleResult(Query.java:517)
	at org.grails.datastore.gorm.GormStaticApi$_count_closure11.doCall(GormStaticApi.groovy:311)
	at org.grails.datastore.mapping.core.DatastoreUtils.execute(DatastoreUtils.java:301)
	at org.grails.datastore.gorm.AbstractDatastoreApi.execute(AbstractDatastoreApi.groovy:34)
	at org.grails.datastore.gorm.GormStaticApi.count(GormStaticApi.groovy:307)
	at org.grails.datastore.gorm.StaticMethodInvokingClosure.call(GormEnhancer.groovy:284)
	at com.company.cms.BlogEntryController.list(script1349924648723226339456.groovy:15)
	at java.util.concurrent.ThreadPoolExecutor$Worker.runTask(ThreadPoolExecutor.java:886)
	at java.util.concurrent.ThreadPoolExecutor$Worker.run(ThreadPoolExecutor.java:908)
	at java.lang.Thread.run(Thread.java:680)
2012-10-10 23:14:31,712 [Thread-10] ERROR StackTrace  - Full Stack Trace:
groovy.lang.MissingPropertyException: No such property: BlogEntry for class: BootStrap
	at org.codehaus.groovy.runtime.ScriptBytecodeAdapter.unwrap(ScriptBytecodeAdapter.java:50)
	at org.codehaus.groovy.runtime.callsite.PogoGetPropertySite.getProperty(PogoGetPropertySite.java:49)
	at org.codehaus.groovy.runtime.callsite.AbstractCallSite.callGroovyObjectGetProperty(AbstractCallSite.java:231)
	at BootStrap$_closure1.doCall(BootStrap.groovy:4)
	at sun.reflect.NativeMethodAccessorImpl.invoke0(Native Method)
	at sun.reflect.NativeMethodAccessorImpl.invoke(NativeMethodAccessorImpl.java:39)
	at sun.reflect.DelegatingMethodAccessorImpl.invoke(DelegatingMethodAccessorImpl.java:25)
	at java.lang.reflect.Method.invoke(Method.java:597)
	at com.springsource.loaded.ri.ReflectiveInterceptor.jlrMethodInvoke(ReflectiveInterceptor.java:1231)
	at org.codehaus.groovy.reflection.CachedMethod.invoke(CachedMethod.java:90)
	at groovy.lang.MetaMethod.doMethodInvoke(MetaMethod.java:233)
	at groovy.lang.MetaClassImpl.invokeMethod(MetaClassImpl.java:1054)
	at groovy.lang.ExpandoMetaClass.invokeMethod(ExpandoMetaClass.java:1110)
	at groovy.lang.MetaClassImpl.invokeMethod(MetaClassImpl.java:884)
	at groovy.lang.MetaClassImpl.invokeMethod(MetaClassImpl.java:928)
	at groovy.lang.MetaClassImpl.invokeMethod(MetaClassImpl.java:884)
	at groovy.lang.Closure.call(Closure.java:410)
	at groovy.lang.Closure.call(Closure.java:404)
	at grails.util.Environment.evaluateEnvironmentSpecificBlock(Environment.java:290)
	at grails.util.Environment.executeForEnvironment(Environment.java:283)
	at grails.util.Environment.executeForCurrentEnvironment(Environment.java:259)
	at org.codehaus.groovy.grails.commons.DefaultGrailsBootstrapClass.callInit(DefaultGrailsBootstrapClass.java:60)
	at org.codehaus.groovy.grails.web.context.GrailsConfigUtils.executeGrailsBootstraps(GrailsConfigUtils.java:74)
	at org.codehaus.groovy.grails.web.context.GrailsContextLoader.initWebApplicationContext(GrailsContextLoader.java:105)
	at org.springframework.web.context.ContextLoaderListener.contextInitialized(ContextLoaderListener.java:111)
	at org.apache.catalina.core.StandardContext.listenerStart(StandardContext.java:4723)
	at org.apache.catalina.core.StandardContext$1.call(StandardContext.java:5226)
	at org.apache.catalina.core.StandardContext$1.call(StandardContext.java:5221)
	at java.util.concurrent.FutureTask$Sync.innerRun(FutureTask.java:303)
	at java.util.concurrent.FutureTask.run(FutureTask.java:138)
	at java.util.concurrent.ThreadPoolExecutor$Worker.runTask(ThreadPoolExecutor.java:886)
	at java.util.concurrent.ThreadPoolExecutor$Worker.run(ThreadPoolExecutor.java:908)
	at java.lang.Thread.run(Thread.java:680)
2012-10-10 23:14:31,714 [Thread-10] ERROR StackTrace  - Full Stack Trace:
groovy.lang.MissingPropertyException: No such property: BlogEntry for class: BootStrap
	at BootStrap$_closure1.doCall(BootStrap.groovy:4)
	at grails.util.Environment.evaluateEnvironmentSpecificBlock(Environment.java:290)
	at grails.util.Environment.executeForEnvironment(Environment.java:283)
	at grails.util.Environment.executeForCurrentEnvironment(Environment.java:259)
	at java.util.concurrent.FutureTask$Sync.innerRun(FutureTask.java:303)
	at java.util.concurrent.FutureTask.run(FutureTask.java:138)
	at java.util.concurrent.ThreadPoolExecutor$Worker.runTask(ThreadPoolExecutor.java:886)
	at java.util.concurrent.ThreadPoolExecutor$Worker.run(ThreadPoolExecutor.java:908)
	at java.lang.Thread.run(Thread.java:680)
2012-10-10 23:14:31,715 [Thread-10] ERROR StackTrace  - Full Stack Trace:
groovy.lang.MissingPropertyException: No such property: BlogEntry for class: BootStrap
	at BootStrap$_closure1.doCall(BootStrap.groovy:4)
	at grails.util.Environment.evaluateEnvironmentSpecificBlock(Environment.java:290)
	at grails.util.Environment.executeForEnvironment(Environment.java:283)
	at grails.util.Environment.executeForCurrentEnvironment(Environment.java:259)
	at java.util.concurrent.FutureTask$Sync.innerRun(FutureTask.java:303)
	at java.util.concurrent.FutureTask.run(FutureTask.java:138)
	at java.util.concurrent.ThreadPoolExecutor$Worker.runTask(ThreadPoolExecutor.java:886)
	at java.util.concurrent.ThreadPoolExecutor$Worker.run(ThreadPoolExecutor.java:908)
	at java.lang.Thread.run(Thread.java:680)
2012-10-10 23:14:31,716 [Thread-10] ERROR StackTrace  - Full Stack Trace:
groovy.lang.MissingPropertyException: No such property: BlogEntry for class: BootStrap
	at BootStrap$_closure1.doCall(BootStrap.groovy:4)
	at grails.util.Environment.evaluateEnvironmentSpecificBlock(Environment.java:290)
	at grails.util.Environment.executeForEnvironment(Environment.java:283)
	at grails.util.Environment.executeForCurrentEnvironment(Environment.java:259)
	at java.util.concurrent.FutureTask$Sync.innerRun(FutureTask.java:303)
	at java.util.concurrent.FutureTask.run(FutureTask.java:138)
	at java.util.concurrent.ThreadPoolExecutor$Worker.runTask(ThreadPoolExecutor.java:886)
	at java.util.concurrent.ThreadPoolExecutor$Worker.run(ThreadPoolExecutor.java:908)
	at java.lang.Thread.run(Thread.java:680)
2012-10-10 23:15:58,931 [Thread-10] ERROR StackTrace  - Full Stack Trace:
java.lang.ArrayIndexOutOfBoundsException: 2610
	at com.springsource.loaded.NameRegistry.getIdFor(NameRegistry.java:44)
	at com.springsource.loaded.NameRegistry.getIdOrAllocateFor(NameRegistry.java:59)
	at com.springsource.loaded.TypeRegistry.getTypeIdFor(TypeRegistry.java:740)
	at com.springsource.loaded.TypeRegistry.getReloadableType(TypeRegistry.java:943)
	at com.springsource.loaded.ri.ReflectiveInterceptor.getRType(ReflectiveInterceptor.java:851)
	at com.springsource.loaded.ri.ReflectiveInterceptor.jlClassGetConstructor(ReflectiveInterceptor.java:460)
	at org.codehaus.groovy.reflection.ClassLoaderForClassArtifacts.defineClassAndGetConstructor(ClassLoaderForClassArtifacts.java:92)
	at org.codehaus.groovy.runtime.callsite.CallSiteGenerator.compilePojoMethod(CallSiteGenerator.java:229)
	at org.codehaus.groovy.reflection.CachedMethod.createPojoMetaMethodSite(CachedMethod.java:257)
	at org.codehaus.groovy.runtime.callsite.PojoMetaMethodSite.createCachedMethodSite(PojoMetaMethodSite.java:159)
	at org.codehaus.groovy.runtime.callsite.PojoMetaMethodSite.createPojoMetaMethodSite(PojoMetaMethodSite.java:148)
	at groovy.lang.MetaClassImpl.createPojoCallSite(MetaClassImpl.java:2991)
	at groovy.lang.ExpandoMetaClass.createPojoCallSite(ExpandoMetaClass.java:1293)
	at org.codehaus.groovy.runtime.callsite.CallSiteArray.createPojoSite(CallSiteArray.java:116)
	at org.codehaus.groovy.runtime.callsite.CallSiteArray.createCallSite(CallSiteArray.java:150)
	at org.codehaus.groovy.runtime.callsite.CallSiteArray.defaultCall(CallSiteArray.java:42)
	at org.codehaus.groovy.runtime.callsite.AbstractCallSite.call(AbstractCallSite.java:108)
	at org.codehaus.groovy.runtime.callsite.AbstractCallSite.call(AbstractCallSite.java:124)
	at org.codehaus.groovy.grails.plugins.web.filters.FiltersGrailsPlugin.reloadFilters(FiltersGrailsPlugin.groovy:183)
	at org.codehaus.groovy.grails.plugins.web.filters.FiltersGrailsPlugin$reloadFilters.callStatic(Unknown Source)
	at org.codehaus.groovy.runtime.callsite.CallSiteArray.defaultCallStatic(CallSiteArray.java:50)
	at org.codehaus.groovy.runtime.callsite.AbstractCallSite.callStatic(AbstractCallSite.java:157)
	at org.codehaus.groovy.runtime.callsite.AbstractCallSite.callStatic(AbstractCallSite.java:169)
	at org.codehaus.groovy.grails.plugins.web.filters.FiltersGrailsPlugin$_closure2.doCall(FiltersGrailsPlugin.groovy:70)
	at sun.reflect.NativeMethodAccessorImpl.invoke0(Native Method)
	at sun.reflect.NativeMethodAccessorImpl.invoke(NativeMethodAccessorImpl.java:39)
	at sun.reflect.DelegatingMethodAccessorImpl.invoke(DelegatingMethodAccessorImpl.java:25)
	at java.lang.reflect.Method.invoke(Method.java:597)
	at com.springsource.loaded.ri.ReflectiveInterceptor.jlrMethodInvoke(ReflectiveInterceptor.java:1231)
	at org.codehaus.groovy.reflection.CachedMethod.invoke(CachedMethod.java:90)
	at groovy.lang.MetaMethod.doMethodInvoke(MetaMethod.java:233)
	at org.codehaus.groovy.runtime.metaclass.ClosureMetaClass.invokeMethod(ClosureMetaClass.java:272)
	at groovy.lang.MetaClassImpl.invokeMethod(MetaClassImpl.java:884)
	at groovy.lang.Closure.call(Closure.java:410)
	at org.codehaus.groovy.grails.plugins.DefaultGrailsPlugin.doWithApplicationContext(DefaultGrailsPlugin.java:489)
	at org.codehaus.groovy.grails.plugins.AbstractGrailsPluginManager.doPostProcessing(AbstractGrailsPluginManager.java:169)
	at org.codehaus.groovy.grails.commons.spring.GrailsRuntimeConfigurator.performPostProcessing(GrailsRuntimeConfigurator.java:232)
	at org.codehaus.groovy.grails.commons.spring.GrailsRuntimeConfigurator.configure(GrailsRuntimeConfigurator.java:172)
	at org.codehaus.groovy.grails.commons.spring.GrailsRuntimeConfigurator.configure(GrailsRuntimeConfigurator.java:124)
	at org.codehaus.groovy.grails.web.context.GrailsConfigUtils.configureWebApplicationContext(GrailsConfigUtils.java:121)
	at org.codehaus.groovy.grails.web.context.GrailsContextLoader.initWebApplicationContext(GrailsContextLoader.java:104)
	at org.springframework.web.context.ContextLoaderListener.contextInitialized(ContextLoaderListener.java:111)
	at org.apache.catalina.core.StandardContext.listenerStart(StandardContext.java:4723)
	at org.apache.catalina.core.StandardContext$1.call(StandardContext.java:5226)
	at org.apache.catalina.core.StandardContext$1.call(StandardContext.java:5221)
	at java.util.concurrent.FutureTask$Sync.innerRun(FutureTask.java:303)
	at java.util.concurrent.FutureTask.run(FutureTask.java:138)
	at java.util.concurrent.ThreadPoolExecutor$Worker.runTask(ThreadPoolExecutor.java:886)
	at java.util.concurrent.ThreadPoolExecutor$Worker.run(ThreadPoolExecutor.java:908)
	at java.lang.Thread.run(Thread.java:680)
2012-10-10 23:15:58,933 [Thread-10] ERROR StackTrace  - Full Stack Trace:
java.lang.ArrayIndexOutOfBoundsException: 2610
	at java.util.concurrent.FutureTask$Sync.innerRun(FutureTask.java:303)
	at java.util.concurrent.FutureTask.run(FutureTask.java:138)
	at java.util.concurrent.ThreadPoolExecutor$Worker.runTask(ThreadPoolExecutor.java:886)
	at java.util.concurrent.ThreadPoolExecutor$Worker.run(ThreadPoolExecutor.java:908)
	at java.lang.Thread.run(Thread.java:680)
2012-10-10 23:15:58,933 [Thread-10] ERROR StackTrace  - Full Stack Trace:
java.lang.ArrayIndexOutOfBoundsException: 2610
	at java.util.concurrent.FutureTask$Sync.innerRun(FutureTask.java:303)
	at java.util.concurrent.FutureTask.run(FutureTask.java:138)
	at java.util.concurrent.ThreadPoolExecutor$Worker.runTask(ThreadPoolExecutor.java:886)
	at java.util.concurrent.ThreadPoolExecutor$Worker.run(ThreadPoolExecutor.java:908)
	at java.lang.Thread.run(Thread.java:680)
2012-10-10 23:15:58,933 [Thread-10] ERROR StackTrace  - Full Stack Trace:
java.lang.ArrayIndexOutOfBoundsException: 2610
	at java.util.concurrent.FutureTask$Sync.innerRun(FutureTask.java:303)
	at java.util.concurrent.FutureTask.run(FutureTask.java:138)
	at java.util.concurrent.ThreadPoolExecutor$Worker.runTask(ThreadPoolExecutor.java:886)
	at java.util.concurrent.ThreadPoolExecutor$Worker.run(ThreadPoolExecutor.java:908)
	at java.lang.Thread.run(Thread.java:680)
2012-10-10 23:19:35,079 [Thread-10] ERROR StackTrace  - Full Stack Trace:
groovy.lang.MissingPropertyException: No such property: com for class: BootStrap
	at org.codehaus.groovy.runtime.ScriptBytecodeAdapter.unwrap(ScriptBytecodeAdapter.java:50)
	at org.codehaus.groovy.runtime.callsite.PogoGetPropertySite.getProperty(PogoGetPropertySite.java:49)
	at org.codehaus.groovy.runtime.callsite.AbstractCallSite.callGroovyObjectGetProperty(AbstractCallSite.java:231)
	at BootStrap$_closure1.doCall(BootStrap.groovy:5)
	at sun.reflect.NativeMethodAccessorImpl.invoke0(Native Method)
	at sun.reflect.NativeMethodAccessorImpl.invoke(NativeMethodAccessorImpl.java:39)
	at sun.reflect.DelegatingMethodAccessorImpl.invoke(DelegatingMethodAccessorImpl.java:25)
	at java.lang.reflect.Method.invoke(Method.java:597)
	at com.springsource.loaded.ri.ReflectiveInterceptor.jlrMethodInvoke(ReflectiveInterceptor.java:1231)
	at org.codehaus.groovy.reflection.CachedMethod.invoke(CachedMethod.java:90)
	at groovy.lang.MetaMethod.doMethodInvoke(MetaMethod.java:233)
	at groovy.lang.MetaClassImpl.invokeMethod(MetaClassImpl.java:1054)
	at groovy.lang.ExpandoMetaClass.invokeMethod(ExpandoMetaClass.java:1110)
	at groovy.lang.MetaClassImpl.invokeMethod(MetaClassImpl.java:884)
	at groovy.lang.MetaClassImpl.invokeMethod(MetaClassImpl.java:928)
	at groovy.lang.MetaClassImpl.invokeMethod(MetaClassImpl.java:884)
	at groovy.lang.Closure.call(Closure.java:410)
	at groovy.lang.Closure.call(Closure.java:404)
	at grails.util.Environment.evaluateEnvironmentSpecificBlock(Environment.java:290)
	at grails.util.Environment.executeForEnvironment(Environment.java:283)
	at grails.util.Environment.executeForCurrentEnvironment(Environment.java:259)
	at org.codehaus.groovy.grails.commons.DefaultGrailsBootstrapClass.callInit(DefaultGrailsBootstrapClass.java:60)
	at org.codehaus.groovy.grails.web.context.GrailsConfigUtils.executeGrailsBootstraps(GrailsConfigUtils.java:74)
	at org.codehaus.groovy.grails.web.context.GrailsContextLoader.initWebApplicationContext(GrailsContextLoader.java:105)
	at org.springframework.web.context.ContextLoaderListener.contextInitialized(ContextLoaderListener.java:111)
	at org.apache.catalina.core.StandardContext.listenerStart(StandardContext.java:4723)
	at org.apache.catalina.core.StandardContext$1.call(StandardContext.java:5226)
	at org.apache.catalina.core.StandardContext$1.call(StandardContext.java:5221)
	at java.util.concurrent.FutureTask$Sync.innerRun(FutureTask.java:303)
	at java.util.concurrent.FutureTask.run(FutureTask.java:138)
	at java.util.concurrent.ThreadPoolExecutor$Worker.runTask(ThreadPoolExecutor.java:886)
	at java.util.concurrent.ThreadPoolExecutor$Worker.run(ThreadPoolExecutor.java:908)
	at java.lang.Thread.run(Thread.java:680)
2012-10-10 23:19:35,083 [Thread-10] ERROR StackTrace  - Full Stack Trace:
groovy.lang.MissingPropertyException: No such property: com for class: BootStrap
	at BootStrap$_closure1.doCall(BootStrap.groovy:5)
	at grails.util.Environment.evaluateEnvironmentSpecificBlock(Environment.java:290)
	at grails.util.Environment.executeForEnvironment(Environment.java:283)
	at grails.util.Environment.executeForCurrentEnvironment(Environment.java:259)
	at java.util.concurrent.FutureTask$Sync.innerRun(FutureTask.java:303)
	at java.util.concurrent.FutureTask.run(FutureTask.java:138)
	at java.util.concurrent.ThreadPoolExecutor$Worker.runTask(ThreadPoolExecutor.java:886)
	at java.util.concurrent.ThreadPoolExecutor$Worker.run(ThreadPoolExecutor.java:908)
	at java.lang.Thread.run(Thread.java:680)
2012-10-10 23:19:35,084 [Thread-10] ERROR StackTrace  - Full Stack Trace:
groovy.lang.MissingPropertyException: No such property: com for class: BootStrap
	at BootStrap$_closure1.doCall(BootStrap.groovy:5)
	at grails.util.Environment.evaluateEnvironmentSpecificBlock(Environment.java:290)
	at grails.util.Environment.executeForEnvironment(Environment.java:283)
	at grails.util.Environment.executeForCurrentEnvironment(Environment.java:259)
	at java.util.concurrent.FutureTask$Sync.innerRun(FutureTask.java:303)
	at java.util.concurrent.FutureTask.run(FutureTask.java:138)
	at java.util.concurrent.ThreadPoolExecutor$Worker.runTask(ThreadPoolExecutor.java:886)
	at java.util.concurrent.ThreadPoolExecutor$Worker.run(ThreadPoolExecutor.java:908)
	at java.lang.Thread.run(Thread.java:680)
2012-10-10 23:19:35,085 [Thread-10] ERROR StackTrace  - Full Stack Trace:
groovy.lang.MissingPropertyException: No such property: com for class: BootStrap
	at BootStrap$_closure1.doCall(BootStrap.groovy:5)
	at grails.util.Environment.evaluateEnvironmentSpecificBlock(Environment.java:290)
	at grails.util.Environment.executeForEnvironment(Environment.java:283)
	at grails.util.Environment.executeForCurrentEnvironment(Environment.java:259)
	at java.util.concurrent.FutureTask$Sync.innerRun(FutureTask.java:303)
	at java.util.concurrent.FutureTask.run(FutureTask.java:138)
	at java.util.concurrent.ThreadPoolExecutor$Worker.runTask(ThreadPoolExecutor.java:886)
	at java.util.concurrent.ThreadPoolExecutor$Worker.run(ThreadPoolExecutor.java:908)
	at java.lang.Thread.run(Thread.java:680)
